<?xml version="1.0" encoding="UTF-8"?>
<!-- Generated by org.testng.reporters.JUnitReportReporter -->
<testsuite hostname="LAPTOP-AF95BSA9" failures="0" tests="1" name="testCases.TC002_LoginTest" time="2.950" errors="0" timestamp="2024-04-17T14:07:24 IST" skipped="0">
  <testcase classname="testCases.TC002_LoginTest" name="verifyLogin" time="2.950"/>
</testsuite> <!-- testCases.TC002_LoginTest -->
