<?xml version="1.0" encoding="UTF-8"?>
<!-- Generated by org.testng.reporters.JUnitReportReporter -->
<testsuite hostname="LAPTOP-AF95BSA9" failures="0" tests="4" name="testCases.TC003_LoginTestDDT" time="41.238" errors="0" timestamp="2024-04-17T14:07:24 IST" skipped="0">
  <testcase classname="testCases.TC003_LoginTestDDT" name="verifyLogin" time="4.716"/>
  <testcase classname="testCases.TC003_LoginTestDDT" name="verifyLogin" time="11.496"/>
  <testcase classname="testCases.TC003_LoginTestDDT" name="verifyLogin" time="12.724"/>
  <testcase classname="testCases.TC003_LoginTestDDT" name="verifyLogin" time="12.302"/>
</testsuite> <!-- testCases.TC003_LoginTestDDT -->
