<?xml version="1.0" encoding="UTF-8"?>
<!-- Generated by org.testng.reporters.JUnitReportReporter -->
<testsuite hostname="LAPTOP-AF95BSA9" failures="0" tests="1" name="testCases.TC001_RegistrationTest" time="6.136" errors="0" timestamp="2024-04-18T09:55:42 IST" skipped="0">
  <testcase classname="testCases.TC001_RegistrationTest" name="registrationTest" time="6.136"/>
</testsuite> <!-- testCases.TC001_RegistrationTest -->
